#
# A fatal error has been detected by the Java Runtime Environment:
#
#  EXCEPTION_ACCESS_VIOLATION (0xc0000005) at pc=0x0000000074408855, pid=17284, tid=12476
#
# JRE version: Java(TM) SE Runtime Environment (8.0_65-b17) (build 1.8.0_65-b17)
# Java VM: Java HotSpot(TM) 64-Bit Server VM (25.65-b01 mixed mode windows-amd64 compressed oops)
# Problematic frame:
# V  [jvm.dll+0x128855]
#
# Failed to write core dump. Minidumps are not enabled by default on client versions of Windows
#
# If you would like to submit a bug report, please visit:
#   http://bugreport.java.com/bugreport/crash.jsp
#

---------------  T H R E A D  ---------------

Current thread (0x000000001ca09800):  JavaThread "JDWP Transport Listener: dt_socket" daemon [_thread_in_vm, id=12476, stack(0x000000001d310000,0x000000001d410000)]

siginfo: ExceptionCode=0xc0000005, reading address 0xffffffffffffffff

Registers:
RAX=0x000000001d40f501, RBX=0x000000001ca09800, RCX=0x432f797469727563, RDX=0x0000000000000000
RSP=0x000000001d40f5a0, RBP=0x432f797469727563, RSI=0x000000001d40f6b8, RDI=0x000000000333eb60
R8 =0x000000001ca09800, R9 =0x0000000000000001, R10=0x0000000000008000, R11=0x000000001d40f4f0
R12=0x0000000000000000, R13=0x000000001ca13258, R14=0x0000000000000000, R15=0x0000000000000000
RIP=0x0000000074408855, EFLAGS=0x0000000000010206

Top of Stack: (sp=0x000000001d40f5a0)
0x000000001d40f5a0:   000000001ca09800 000000001ca09800
0x000000001d40f5b0:   000000001d40f668 000000007460e19b
0x000000001d40f5c0:   000000001ca09800 000000007462a9fd
0x000000001d40f5d0:   0000000000000000 0000000074e69155
0x000000001d40f5e0:   000000001f32e710 0000000074e7291e
0x000000001d40f5f0:   000000001ca09800 0000000000000000
0x000000001d40f600:   0000000000000000 0000000000000000
0x000000001d40f610:   432f797469727563 0000000074e71a15
0x000000001d40f620:   000000001d40f6b8 000000001d40f690
0x000000001d40f630:   0000000000000001 000000001f32e710
0x000000001d40f640:   432f797469727563 0000000074e553b3
0x000000001d40f650:   000000001d40f780 0000000000000001
0x000000001d40f660:   0000000000000001 000000001f32e710
0x000000001d40f670:   0000000000000001 0000000000000000
0x000000001d40f680:   0000000000000000 0000000000000000
0x000000001d40f690:   0000000000000001 0000000074e55571 

Instructions: (pc=0x0000000074408855)
0x0000000074408835:   cc cc cc cc cc cc cc cc cc cc cc 48 83 ec 28 48
0x0000000074408845:   85 c9 75 07 33 c0 48 83 c4 28 c3 48 89 5c 24 20
0x0000000074408855:   48 8b 19 48 85 db 74 20 48 83 fb 37 74 1a 48 8b
0x0000000074408865:   13 48 8b cb ff 52 10 84 c0 74 0d 48 8b c3 48 8b 


Register to memory mapping:

RAX=0x000000001d40f501 is pointing into the stack for thread: 0x000000001ca09800
RBX=0x000000001ca09800 is a thread
RCX=0x432f797469727563 is an unknown value
RDX=0x0000000000000000 is an unknown value
RSP=0x000000001d40f5a0 is pointing into the stack for thread: 0x000000001ca09800
RBP=0x432f797469727563 is an unknown value
RSI=0x000000001d40f6b8 is pointing into the stack for thread: 0x000000001ca09800
RDI=0x000000000333eb60 is an unknown value
R8 =0x000000001ca09800 is a thread
R9 =0x0000000000000001 is an unknown value
R10=0x0000000000008000 is an unknown value
R11=0x000000001d40f4f0 is pointing into the stack for thread: 0x000000001ca09800
R12=0x0000000000000000 is an unknown value
R13=0x000000001ca13258 is an unknown value
R14=0x0000000000000000 is an unknown value
R15=0x0000000000000000 is an unknown value


Stack: [0x000000001d310000,0x000000001d410000],  sp=0x000000001d40f5a0,  free space=1021k
Native frames: (J=compiled Java code, j=interpreted, Vv=VM code, C=native code)
V  [jvm.dll+0x128855]
V  [jvm.dll+0x34a9fd]
C  [jdwp.dll+0x21a15]
C  [jdwp.dll+0x53b3]
C  [jdwp.dll+0x5571]
C  [jdwp.dll+0xf0a8]
C  [jdwp.dll+0x1f2d5]
C  [jdwp.dll+0x1f4aa]
V  [jvm.dll+0x1bb8f8]
V  [jvm.dll+0x243144]
V  [jvm.dll+0x299f7a]
C  [msvcr100.dll+0x21d9f]
C  [msvcr100.dll+0x21e3b]
C  [KERNEL32.DLL+0x17034]
C  [ntdll.dll+0x4d0d1]


---------------  P R O C E S S  ---------------

Java Threads: ( => current thread )
  0x00000000285b5800 JavaThread "restartedMain" [_thread_in_vm, id=7288, stack(0x00000000015c0000,0x00000000016c0000)]
  0x00000000285b6000 JavaThread "Thread-10" [_thread_blocked, id=2360, stack(0x00000000013c0000,0x00000000014c0000)]
  0x000000002574f000 JavaThread "DestroyJavaVM" [_thread_blocked, id=11796, stack(0x0000000003140000,0x0000000003240000)]
  0x0000000021062000 JavaThread "Live Reload Server" daemon [_thread_in_native, id=20196, stack(0x0000000026480000,0x0000000026580000)]
  0x000000001cac6800 JavaThread "Service Thread" daemon [_thread_blocked, id=13636, stack(0x000000001da10000,0x000000001db10000)]
  0x000000001ca35800 JavaThread "C1 CompilerThread3" daemon [_thread_blocked, id=12940, stack(0x000000001d910000,0x000000001da10000)]
  0x000000001ca34800 JavaThread "C2 CompilerThread2" daemon [_thread_in_native, id=12548, stack(0x000000001d810000,0x000000001d910000)]
  0x000000001ca34000 JavaThread "C2 CompilerThread1" daemon [_thread_in_native, id=20988, stack(0x000000001d710000,0x000000001d810000)]
  0x000000001ca2a000 JavaThread "C2 CompilerThread0" daemon [_thread_in_native, id=25920, stack(0x000000001d610000,0x000000001d710000)]
  0x000000001ca1d000 JavaThread "JDWP Command Reader" daemon [_thread_in_native, id=15824, stack(0x000000001d510000,0x000000001d610000)]
  0x000000001ca15800 JavaThread "JDWP Event Helper Thread" daemon [_thread_blocked, id=12004, stack(0x000000001d410000,0x000000001d510000)]
=>0x000000001ca09800 JavaThread "JDWP Transport Listener: dt_socket" daemon [_thread_in_vm, id=12476, stack(0x000000001d310000,0x000000001d410000)]
  0x000000001c9fd000 JavaThread "Attach Listener" daemon [_thread_blocked, id=11000, stack(0x000000001ced0000,0x000000001cfd0000)]
  0x000000001c9fc000 JavaThread "Signal Dispatcher" daemon [_thread_blocked, id=13756, stack(0x000000001cdd0000,0x000000001ced0000)]
  0x000000000343a000 JavaThread "Finalizer" daemon [_thread_blocked, id=19816, stack(0x000000001c7d0000,0x000000001c8d0000)]
  0x0000000003439000 JavaThread "Reference Handler" daemon [_thread_blocked, id=21636, stack(0x000000001c6d0000,0x000000001c7d0000)]

Other Threads:
  0x000000001a909800 VMThread [stack: 0x000000001c5d0000,0x000000001c6d0000] [id=13520]
  0x000000001cb2e000 WatcherThread [stack: 0x000000001db10000,0x000000001dc10000] [id=27088]

VM state:synchronizing (normal execution)

VM Mutex/Monitor currently owned by a thread:  ([mutex/lock_event])
[0x0000000003343a20] Threads_lock - owner thread: 0x000000001a909800

Heap:
 PSYoungGen      total 327168K, used 46038K [0x0000000780980000, 0x0000000796380000, 0x00000007c0000000)
  eden space 318976K, 14% used [0x0000000780980000,0x0000000783675bd8,0x0000000794100000)
  from space 8192K, 0% used [0x0000000794800000,0x0000000794800000,0x0000000795000000)
  to   space 16384K, 0% used [0x0000000795380000,0x0000000795380000,0x0000000796380000)
 ParOldGen       total 171520K, used 22349K [0x0000000701c00000, 0x000000070c380000, 0x0000000780980000)
  object space 171520K, 13% used [0x0000000701c00000,0x00000007031d3460,0x000000070c380000)
 Metaspace       used 61945K, capacity 66082K, committed 66176K, reserved 1105920K
  class space    used 8297K, capacity 8998K, committed 9088K, reserved 1048576K

Card table byte_map: [0x0000000012800000,0x0000000012e00000] byte_map_base: 0x000000000eff2000

Marking Bits: (ParMarkBitMap*) 0x0000000074aea5b0
 Begin Bits: [0x0000000013a00000, 0x0000000016990000)
 End Bits:   [0x0000000016990000, 0x0000000019920000)

Polling page: 0x0000000001780000

CodeCache: size=245760Kb used=20025Kb max_used=20025Kb free=225734Kb
 bounds [0x0000000003440000, 0x00000000047f0000, 0x0000000012440000]
 total_blobs=5854 nmethods=5308 adapters=465
 compilation: enabled

Compilation events (10 events):
Event: 191.126 Thread 0x000000001ca35800 6261   !   3       sun.reflect.GeneratedConstructorAccessor5::newInstance (49 bytes)
Event: 191.131 Thread 0x000000001ca35800 nmethod 6261 0x00000000047d4fd0 code [0x00000000047d5200, 0x00000000047d5bb8]
Event: 191.198 Thread 0x000000001ca34800 nmethod 6248 0x00000000047db310 code [0x00000000047db5a0, 0x00000000047dd950]
Event: 191.198 Thread 0x000000001ca34800 6250       4       org.springframework.core.annotation.TypeMappedAnnotation::adaptValueForMapOptions (177 bytes)
Event: 191.221 Thread 0x000000001ca35800 6262   !   3       org.springframework.context.annotation.ConfigurationClassParser$SourceClass::getMemberClasses (244 bytes)
Event: 191.237 Thread 0x000000001ca35800 nmethod 6262 0x00000000047d7590 code [0x00000000047d7940, 0x00000000047d9af8]
Event: 191.245 Thread 0x000000001ca34800 nmethod 6250 0x00000000047d6a90 code [0x00000000047d6c20, 0x00000000047d7148]
Event: 191.245 Thread 0x000000001ca34800 6257       4       org.springframework.boot.context.properties.source.SystemEnvironmentPropertyMapper$$Lambda$40/1488603792::test (16 bytes)
Event: 191.351 Thread 0x000000001ca35800 6264       3       org.springframework.context.annotation.ConfigurationClass::<init> (92 bytes)
Event: 191.359 Thread 0x000000001ca35800 nmethod 6264 0x00000000047e1490 code [0x00000000047e1740, 0x00000000047e2908]

GC Heap History (10 events):
Event: 10.589 GC heap before
{Heap before GC invocations=12 (full 3):
 PSYoungGen      total 286208K, used 11201K [0x0000000780980000, 0x0000000797380000, 0x00000007c0000000)
  eden space 269312K, 0% used [0x0000000780980000,0x0000000780980000,0x0000000791080000)
  from space 16896K, 66% used [0x0000000791080000,0x0000000791b70610,0x0000000792100000)
  to   space 16896K, 0% used [0x0000000796300000,0x0000000796300000,0x0000000797380000)
 ParOldGen       total 119808K, used 19698K [0x0000000701c00000, 0x0000000709100000, 0x0000000780980000)
  object space 119808K, 16% used [0x0000000701c00000,0x0000000702f3cb58,0x0000000709100000)
 Metaspace       used 56004K, capacity 58868K, committed 59008K, reserved 1099776K
  class space    used 7468K, capacity 7972K, committed 8064K, reserved 1048576K
Event: 10.786 GC heap after
Heap after GC invocations=12 (full 3):
 PSYoungGen      total 286208K, used 0K [0x0000000780980000, 0x0000000797380000, 0x00000007c0000000)
  eden space 269312K, 0% used [0x0000000780980000,0x0000000780980000,0x0000000791080000)
  from space 16896K, 0% used [0x0000000791080000,0x0000000791080000,0x0000000792100000)
  to   space 16896K, 0% used [0x0000000796300000,0x0000000796300000,0x0000000797380000)
 ParOldGen       total 171520K, used 22264K [0x0000000701c00000, 0x000000070c380000, 0x0000000780980000)
  object space 171520K, 12% used [0x0000000701c00000,0x00000007031be030,0x000000070c380000)
 Metaspace       used 56004K, capacity 58868K, committed 59008K, reserved 1099776K
  class space    used 7468K, capacity 7972K, committed 8064K, reserved 1048576K
}
Event: 135.273 GC heap before
{Heap before GC invocations=13 (full 3):
 PSYoungGen      total 286208K, used 95082K [0x0000000780980000, 0x0000000797380000, 0x00000007c0000000)
  eden space 269312K, 35% used [0x0000000780980000,0x000000078665a850,0x0000000791080000)
  from space 16896K, 0% used [0x0000000791080000,0x0000000791080000,0x0000000792100000)
  to   space 16896K, 0% used [0x0000000796300000,0x0000000796300000,0x0000000797380000)
 ParOldGen       total 171520K, used 22264K [0x0000000701c00000, 0x000000070c380000, 0x0000000780980000)
  object space 171520K, 12% used [0x0000000701c00000,0x00000007031be030,0x000000070c380000)
 Metaspace       used 61084K, capacity 65042K, committed 65280K, reserved 1105920K
  class space    used 8265K, capacity 8928K, committed 8960K, reserved 1048576K
Event: 135.281 GC heap after
Heap after GC invocations=13 (full 3):
 PSYoungGen      total 325120K, used 5747K [0x0000000780980000, 0x0000000796900000, 0x00000007c0000000)
  eden space 318976K, 0% used [0x0000000780980000,0x0000000780980000,0x0000000794100000)
  from space 6144K, 93% used [0x0000000796300000,0x000000079689cd90,0x0000000796900000)
  to   space 16896K, 0% used [0x0000000794800000,0x0000000794800000,0x0000000795880000)
 ParOldGen       total 171520K, used 22272K [0x0000000701c00000, 0x000000070c380000, 0x0000000780980000)
  object space 171520K, 12% used [0x0000000701c00000,0x00000007031c0030,0x000000070c380000)
 Metaspace       used 61084K, capacity 65042K, committed 65280K, reserved 1105920K
  class space    used 8265K, capacity 8928K, committed 8960K, reserved 1048576K
}
Event: 135.281 GC heap before
{Heap before GC invocations=14 (full 4):
 PSYoungGen      total 325120K, used 5747K [0x0000000780980000, 0x0000000796900000, 0x00000007c0000000)
  eden space 318976K, 0% used [0x0000000780980000,0x0000000780980000,0x0000000794100000)
  from space 6144K, 93% used [0x0000000796300000,0x000000079689cd90,0x0000000796900000)
  to   space 16896K, 0% used [0x0000000794800000,0x0000000794800000,0x0000000795880000)
 ParOldGen       total 171520K, used 22272K [0x0000000701c00000, 0x000000070c380000, 0x0000000780980000)
  object space 171520K, 12% used [0x0000000701c00000,0x00000007031c0030,0x000000070c380000)
 Metaspace       used 61084K, capacity 65042K, committed 65280K, reserved 1105920K
  class space    used 8265K, capacity 8928K, committed 8960K, reserved 1048576K
Event: 135.440 GC heap after
Heap after GC invocations=14 (full 4):
 PSYoungGen      total 325120K, used 0K [0x0000000780980000, 0x0000000796900000, 0x00000007c0000000)
  eden space 318976K, 0% used [0x0000000780980000,0x0000000780980000,0x0000000794100000)
  from space 6144K, 0% used [0x0000000796300000,0x0000000796300000,0x0000000796900000)
  to   space 16896K, 0% used [0x0000000794800000,0x0000000794800000,0x0000000795880000)
 ParOldGen       total 171520K, used 20939K [0x0000000701c00000, 0x000000070c380000, 0x0000000780980000)
  object space 171520K, 12% used [0x0000000701c00000,0x0000000703072e38,0x000000070c380000)
 Metaspace       used 61084K, capacity 65042K, committed 65280K, reserved 1105920K
  class space    used 8265K, capacity 8928K, committed 8960K, reserved 1048576K
}
Event: 189.487 GC heap before
{Heap before GC invocations=15 (full 4):
 PSYoungGen      total 325120K, used 210428K [0x0000000780980000, 0x0000000796900000, 0x00000007c0000000)
  eden space 318976K, 65% used [0x0000000780980000,0x000000078d6ff208,0x0000000794100000)
  from space 6144K, 0% used [0x0000000796300000,0x0000000796300000,0x0000000796900000)
  to   space 16896K, 0% used [0x0000000794800000,0x0000000794800000,0x0000000795880000)
 ParOldGen       total 171520K, used 20939K [0x0000000701c00000, 0x000000070c380000, 0x0000000780980000)
  object space 171520K, 12% used [0x0000000701c00000,0x0000000703072e38,0x000000070c380000)
 Metaspace       used 61878K, capacity 65904K, committed 66176K, reserved 1105920K
  class space    used 8292K, capacity 8990K, committed 9088K, reserved 1048576K
Event: 189.493 GC heap after
Heap after GC invocations=15 (full 4):
 PSYoungGen      total 327168K, used 7693K [0x0000000780980000, 0x0000000796380000, 0x00000007c0000000)
  eden space 318976K, 0% used [0x0000000780980000,0x0000000780980000,0x0000000794100000)
  from space 8192K, 93% used [0x0000000794800000,0x0000000794f834c0,0x0000000795000000)
  to   space 16384K, 0% used [0x0000000795380000,0x0000000795380000,0x0000000796380000)
 ParOldGen       total 171520K, used 20947K [0x0000000701c00000, 0x000000070c380000, 0x0000000780980000)
  object space 171520K, 12% used [0x0000000701c00000,0x0000000703074e38,0x000000070c380000)
 Metaspace       used 61878K, capacity 65904K, committed 66176K, reserved 1105920K
  class space    used 8292K, capacity 8990K, committed 9088K, reserved 1048576K
}
Event: 189.493 GC heap before
{Heap before GC invocations=16 (full 5):
 PSYoungGen      total 327168K, used 7693K [0x0000000780980000, 0x0000000796380000, 0x00000007c0000000)
  eden space 318976K, 0% used [0x0000000780980000,0x0000000780980000,0x0000000794100000)
  from space 8192K, 93% used [0x0000000794800000,0x0000000794f834c0,0x0000000795000000)
  to   space 16384K, 0% used [0x0000000795380000,0x0000000795380000,0x0000000796380000)
 ParOldGen       total 171520K, used 20947K [0x0000000701c00000, 0x000000070c380000, 0x0000000780980000)
  object space 171520K, 12% used [0x0000000701c00000,0x0000000703074e38,0x000000070c380000)
 Metaspace       used 61878K, capacity 65904K, committed 66176K, reserved 1105920K
  class space    used 8292K, capacity 8990K, committed 9088K, reserved 1048576K
Event: 189.670 GC heap after
Heap after GC invocations=16 (full 5):
 PSYoungGen      total 327168K, used 0K [0x0000000780980000, 0x0000000796380000, 0x00000007c0000000)
  eden space 318976K, 0% used [0x0000000780980000,0x0000000780980000,0x0000000794100000)
  from space 8192K, 0% used [0x0000000794800000,0x0000000794800000,0x0000000795000000)
  to   space 16384K, 0% used [0x0000000795380000,0x0000000795380000,0x0000000796380000)
 ParOldGen       total 171520K, used 22349K [0x0000000701c00000, 0x000000070c380000, 0x0000000780980000)
  object space 171520K, 13% used [0x0000000701c00000,0x00000007031d3460,0x000000070c380000)
 Metaspace       used 61878K, capacity 65904K, committed 66176K, reserved 1105920K
  class space    used 8292K, capacity 8990K, committed 9088K, reserved 1048576K
}

Deoptimization events (10 events):
Event: 191.353 Thread 0x00000000285b5800 Uncommon trap: reason=unhandled action=none pc=0x0000000003c325a0 method=java.net.URLClassLoader.findClass(Ljava/lang/String;)Ljava/lang/Class; @ 44
Event: 191.354 Thread 0x00000000285b5800 Uncommon trap: reason=unhandled action=none pc=0x0000000003c325a0 method=java.net.URLClassLoader.findClass(Ljava/lang/String;)Ljava/lang/Class; @ 44
Event: 191.356 Thread 0x00000000285b5800 Uncommon trap: reason=unhandled action=none pc=0x0000000003c325a0 method=java.net.URLClassLoader.findClass(Ljava/lang/String;)Ljava/lang/Class; @ 44
Event: 191.357 Thread 0x00000000285b5800 Uncommon trap: reason=unhandled action=none pc=0x0000000003c325a0 method=java.net.URLClassLoader.findClass(Ljava/lang/String;)Ljava/lang/Class; @ 44
Event: 191.368 Thread 0x00000000285b5800 Uncommon trap: reason=unhandled action=none pc=0x0000000003c325a0 method=java.net.URLClassLoader.findClass(Ljava/lang/String;)Ljava/lang/Class; @ 44
Event: 191.370 Thread 0x00000000285b5800 Uncommon trap: reason=unhandled action=none pc=0x0000000003c325a0 method=java.net.URLClassLoader.findClass(Ljava/lang/String;)Ljava/lang/Class; @ 44
Event: 191.376 Thread 0x00000000285b5800 Uncommon trap: reason=unhandled action=none pc=0x0000000003c325a0 method=java.net.URLClassLoader.findClass(Ljava/lang/String;)Ljava/lang/Class; @ 44
Event: 191.377 Thread 0x00000000285b5800 Uncommon trap: reason=unhandled action=none pc=0x0000000003c325a0 method=java.net.URLClassLoader.findClass(Ljava/lang/String;)Ljava/lang/Class; @ 44
Event: 191.377 Thread 0x00000000285b5800 Uncommon trap: reason=unhandled action=none pc=0x0000000003c325a0 method=java.net.URLClassLoader.findClass(Ljava/lang/String;)Ljava/lang/Class; @ 44
Event: 191.378 Thread 0x00000000285b5800 Uncommon trap: reason=unhandled action=none pc=0x0000000003c325a0 method=java.net.URLClassLoader.findClass(Ljava/lang/String;)Ljava/lang/Class; @ 44

Internal exceptions (10 events):
Event: 136.946 Thread 0x000000002574a000 Exception <a 'java/lang/ArrayIndexOutOfBoundsException': 84> (0x000000078c317380) thrown at [C:\workspace\8-2-build-windows-amd64-cygwin\jdk8u65\4987\hotspot\src\share\vm\interpreter\interpreterRuntime.cpp, line 366]
Event: 136.951 Thread 0x000000002574a000 Exception <a 'java/lang/ArrayIndexOutOfBoundsException': 118> (0x000000078c3eea50) thrown at [C:\workspace\8-2-build-windows-amd64-cygwin\jdk8u65\4987\hotspot\src\share\vm\interpreter\interpreterRuntime.cpp, line 366]
Event: 136.953 Thread 0x000000002574a000 Exception <a 'java/lang/ArrayIndexOutOfBoundsException': 77> (0x000000078c40af20) thrown at [C:\workspace\8-2-build-windows-amd64-cygwin\jdk8u65\4987\hotspot\src\share\vm\interpreter\interpreterRuntime.cpp, line 366]
Event: 136.954 Thread 0x000000002574a000 Exception <a 'java/lang/ArrayIndexOutOfBoundsException': 94> (0x000000078c40c9e0) thrown at [C:\workspace\8-2-build-windows-amd64-cygwin\jdk8u65\4987\hotspot\src\share\vm\interpreter\interpreterRuntime.cpp, line 366]
Event: 136.954 Thread 0x000000002574a000 Exception <a 'java/lang/ArrayIndexOutOfBoundsException': 57> (0x000000078c40e970) thrown at [C:\workspace\8-2-build-windows-amd64-cygwin\jdk8u65\4987\hotspot\src\share\vm\interpreter\interpreterRuntime.cpp, line 366]
Event: 136.973 Thread 0x000000002574a000 Exception <a 'java/lang/ArrayIndexOutOfBoundsException': 93> (0x000000078c607980) thrown at [C:\workspace\8-2-build-windows-amd64-cygwin\jdk8u65\4987\hotspot\src\share\vm\interpreter\interpreterRuntime.cpp, line 366]
Event: 136.973 Thread 0x000000002574a000 Exception <a 'java/lang/ArrayIndexOutOfBoundsException': 75> (0x000000078c60b810) thrown at [C:\workspace\8-2-build-windows-amd64-cygwin\jdk8u65\4987\hotspot\src\share\vm\interpreter\interpreterRuntime.cpp, line 366]
Event: 189.274 Thread 0x0000000025747800 Exception <a 'java/lang/InterruptedException': sleep interrupted> (0x000000078d3e1b20) thrown at [C:\workspace\8-2-build-windows-amd64-cygwin\jdk8u65\4987\hotspot\src\share\vm\prims\jvm.cpp, line 3215]
Event: 189.851 Thread 0x00000000285b5800 Exception <a 'java/io/FileNotFoundException'> (0x0000000780dcdab8) thrown at [C:\workspace\8-2-build-windows-amd64-cygwin\jdk8u65\4987\hotspot\src\share\vm\prims\jni.cpp, line 709]
Event: 190.043 Thread 0x00000000285b5800 Exception <a 'java/lang/NoClassDefFoundError': javax/validation/ValidationException> (0x000000078115a7e0) thrown at [C:\workspace\8-2-build-windows-amd64-cygwin\jdk8u65\4987\hotspot\src\share\vm\classfile\systemDictionary.cpp, line 199]

Events (10 events):
Event: 191.379 Thread 0x00000000285b5800 DEOPT PACKING pc=0x00000000040c7e88 sp=0x00000000016bb500
Event: 191.379 Thread 0x00000000285b5800 DEOPT UNPACKING pc=0x000000000348787f sp=0x00000000016bb220 mode 1
Event: 191.379 Thread 0x00000000285b5800 DEOPT PACKING pc=0x0000000003cecf94 sp=0x00000000016bbe10
Event: 191.379 Thread 0x00000000285b5800 DEOPT UNPACKING pc=0x000000000348787f sp=0x00000000016bbb28 mode 1
Event: 191.379 Thread 0x00000000285b5800 DEOPT PACKING pc=0x00000000040c7e88 sp=0x00000000016bbf20
Event: 191.379 Thread 0x00000000285b5800 DEOPT UNPACKING pc=0x000000000348787f sp=0x00000000016bbc40 mode 1
Event: 191.379 Thread 0x00000000285b5800 DEOPT PACKING pc=0x0000000003cecf94 sp=0x00000000016bc830
Event: 191.379 Thread 0x00000000285b5800 DEOPT UNPACKING pc=0x000000000348787f sp=0x00000000016bc530 mode 1
Event: 191.379 Thread 0x00000000285b5800 DEOPT PACKING pc=0x00000000035e9a24 sp=0x00000000016bc870
Event: 191.379 Thread 0x00000000285b5800 DEOPT UNPACKING pc=0x000000000348787f sp=0x00000000016bc5b8 mode 1


Dynamic libraries:
0x00007ff62a8d0000 - 0x00007ff62a907000 	C:\Program Files\Java\jre1.8.0_65\bin\javaw.exe
0x00007ffb175b0000 - 0x00007ffb177a6000 	C:\WINDOWS\SYSTEM32\ntdll.dll
0x00007ffb16d30000 - 0x00007ffb16ded000 	C:\WINDOWS\System32\KERNEL32.DLL
0x00007ffb15000000 - 0x00007ffb152c9000 	C:\WINDOWS\System32\KERNELBASE.dll
0x00007ffb16a20000 - 0x00007ffb16acc000 	C:\WINDOWS\System32\ADVAPI32.dll
0x00007ffb16230000 - 0x00007ffb162ce000 	C:\WINDOWS\System32\msvcrt.dll
0x00007ffb16e50000 - 0x00007ffb16eec000 	C:\WINDOWS\System32\sechost.dll
0x00007ffb15b20000 - 0x00007ffb15c4b000 	C:\WINDOWS\System32\RPCRT4.dll
0x00007ffb16b90000 - 0x00007ffb16d30000 	C:\WINDOWS\System32\USER32.dll
0x00007ffb14f00000 - 0x00007ffb14f22000 	C:\WINDOWS\System32\win32u.dll
0x00007ffb15af0000 - 0x00007ffb15b1a000 	C:\WINDOWS\System32\GDI32.dll
0x00007ffb154a0000 - 0x00007ffb155a9000 	C:\WINDOWS\System32\gdi32full.dll
0x00007ffb15400000 - 0x00007ffb1549d000 	C:\WINDOWS\System32\msvcp_win.dll
0x00007ffb152d0000 - 0x00007ffb153d0000 	C:\WINDOWS\System32\ucrtbase.dll
0x00007ffae5000000 - 0x00007ffae529b000 	C:\WINDOWS\WinSxS\amd64_microsoft.windows.common-controls_6595b64144ccf1df_6.0.19041.488_none_ca04af081b815d21\COMCTL32.dll
0x00007ffb15dd0000 - 0x00007ffb15e00000 	C:\WINDOWS\System32\IMM32.DLL
0x0000000074080000 - 0x0000000074152000 	C:\Program Files\Java\jre1.8.0_65\bin\msvcr100.dll
0x00000000742e0000 - 0x0000000074b69000 	C:\Program Files\Java\jre1.8.0_65\bin\server\jvm.dll
0x00007ffb15dc0000 - 0x00007ffb15dc8000 	C:\WINDOWS\System32\PSAPI.DLL
0x00007ffb0b120000 - 0x00007ffb0b147000 	C:\WINDOWS\SYSTEM32\WINMM.dll
0x00007ffb083a0000 - 0x00007ffb083aa000 	C:\WINDOWS\SYSTEM32\VERSION.dll
0x00007ffb07c10000 - 0x00007ffb07c19000 	C:\WINDOWS\SYSTEM32\WSOCK32.dll
0x00007ffb16160000 - 0x00007ffb161cb000 	C:\WINDOWS\System32\WS2_32.dll
0x00000000741f0000 - 0x00000000741ff000 	C:\Program Files\Java\jre1.8.0_65\bin\verify.dll
0x00000000741c0000 - 0x00000000741e9000 	C:\Program Files\Java\jre1.8.0_65\bin\java.dll
0x0000000074e50000 - 0x0000000074e85000 	C:\Program Files\Java\jre1.8.0_65\bin\jdwp.dll
0x0000000074e40000 - 0x0000000074e48000 	C:\Program Files\Java\jre1.8.0_65\bin\npt.dll
0x00000000741a0000 - 0x00000000741b6000 	C:\Program Files\Java\jre1.8.0_65\bin\zip.dll
0x00007ffb162d0000 - 0x00007ffb16a12000 	C:\WINDOWS\System32\SHELL32.dll
0x00007ffb12a10000 - 0x00007ffb131a5000 	C:\WINDOWS\SYSTEM32\windows.storage.dll
0x00007ffb15e00000 - 0x00007ffb16156000 	C:\WINDOWS\System32\combase.dll
0x00007ffb14760000 - 0x00007ffb1478c000 	C:\WINDOWS\SYSTEM32\Wldp.dll
0x00007ffb15d10000 - 0x00007ffb15dbe000 	C:\WINDOWS\System32\SHCORE.dll
0x00007ffb15610000 - 0x00007ffb15665000 	C:\WINDOWS\System32\shlwapi.dll
0x00007ffb14c20000 - 0x00007ffb14c46000 	C:\WINDOWS\SYSTEM32\profapi.dll
0x0000000074e30000 - 0x0000000074e39000 	C:\Program Files\Java\jre1.8.0_65\bin\dt_socket.dll
0x00007ffb05dc0000 - 0x00007ffb05dd7000 	C:\WINDOWS\system32\napinsp.dll
0x00007ffb05d60000 - 0x00007ffb05d7b000 	C:\WINDOWS\system32\pnrpnsp.dll
0x00007ffb10960000 - 0x00007ffb10975000 	C:\WINDOWS\system32\wshbth.dll
0x00007ffb0e3a0000 - 0x00007ffb0e3bd000 	C:\WINDOWS\system32\NLAapi.dll
0x00007ffb14180000 - 0x00007ffb141bb000 	C:\WINDOWS\SYSTEM32\IPHLPAPI.DLL
0x00007ffb144e0000 - 0x00007ffb1454a000 	C:\WINDOWS\System32\mswsock.dll
0x00007ffb14260000 - 0x00007ffb1432b000 	C:\WINDOWS\SYSTEM32\DNSAPI.dll
0x00007ffb15d00000 - 0x00007ffb15d08000 	C:\WINDOWS\System32\NSI.dll
0x00007ffb05ca0000 - 0x00007ffb05cb2000 	C:\WINDOWS\System32\winrnr.dll
0x00007ffb0a850000 - 0x00007ffb0a8cf000 	C:\WINDOWS\System32\fwpuclnt.dll
0x00007ffb153d0000 - 0x00007ffb153f7000 	C:\WINDOWS\System32\bcrypt.dll
0x00007ffb0a830000 - 0x00007ffb0a83a000 	C:\Windows\System32\rasadhlp.dll
0x0000000074e90000 - 0x0000000074e9d000 	C:\Program Files\Java\jre1.8.0_65\bin\management.dll
0x0000000074180000 - 0x000000007419a000 	C:\Program Files\Java\jre1.8.0_65\bin\net.dll
0x0000000074160000 - 0x0000000074171000 	C:\Program Files\Java\jre1.8.0_65\bin\nio.dll
0x00007ffb146b0000 - 0x00007ffb146c8000 	C:\WINDOWS\SYSTEM32\CRYPTSP.dll
0x00007ffb13e00000 - 0x00007ffb13e34000 	C:\WINDOWS\system32\rsaenh.dll
0x00007ffb14be0000 - 0x00007ffb14c0e000 	C:\WINDOWS\SYSTEM32\USERENV.dll
0x00007ffb14f80000 - 0x00007ffb15000000 	C:\WINDOWS\System32\bcryptprimitives.dll
0x00007ffb146d0000 - 0x00007ffb146dc000 	C:\WINDOWS\SYSTEM32\CRYPTBASE.dll
0x00007ffb134d0000 - 0x00007ffb134e7000 	C:\WINDOWS\SYSTEM32\dhcpcsvc6.DLL
0x00007ffb134b0000 - 0x00007ffb134cd000 	C:\WINDOWS\SYSTEM32\dhcpcsvc.DLL
0x00007ffb13620000 - 0x00007ffb13804000 	C:\WINDOWS\SYSTEM32\dbghelp.dll

VM Arguments:
jvm_args: -agentlib:jdwp=transport=dt_socket,suspend=y,address=localhost:2561 -Dfile.encoding=UTF-8 
java_command: com.javaaddicts.SpringDataJpaHibernate.SpringDataJpaHibernateApplication
java_class_path (initial): C:\Program Files\Java\jre1.8.0_65\lib\resources.jar;C:\Program Files\Java\jre1.8.0_65\lib\rt.jar;C:\Program Files\Java\jre1.8.0_65\lib\jsse.jar;C:\Program Files\Java\jre1.8.0_65\lib\jce.jar;C:\Program Files\Java\jre1.8.0_65\lib\charsets.jar;C:\Program Files\Java\jre1.8.0_65\lib\jfr.jar;C:\Program Files\Java\jre1.8.0_65\lib\ext\access-bridge-64.jar;C:\Program Files\Java\jre1.8.0_65\lib\ext\cldrdata.jar;C:\Program Files\Java\jre1.8.0_65\lib\ext\dnsns.jar;C:\Program Files\Java\jre1.8.0_65\lib\ext\jaccess.jar;C:\Program Files\Java\jre1.8.0_65\lib\ext\jfxrt.jar;C:\Program Files\Java\jre1.8.0_65\lib\ext\localedata.jar;C:\Program Files\Java\jre1.8.0_65\lib\ext\nashorn.jar;C:\Program Files\Java\jre1.8.0_65\lib\ext\sunec.jar;C:\Program Files\Java\jre1.8.0_65\lib\ext\sunjce_provider.jar;C:\Program Files\Java\jre1.8.0_65\lib\ext\sunmscapi.jar;C:\Program Files\Java\jre1.8.0_65\lib\ext\sunpkcs11.jar;C:\Program Files\Java\jre1.8.0_65\lib\ext\zipfs.jar;G:\spring_workspace\SpringDataJpaHibernate\target\classes;C:\Users\annev\.m2\repository\io\springfox\springfox-boot-starter\3.0.0\springfox-boot-starter-3.0.0.jar;C:\Users\annev\.m2\repository\io\springfox\springfox-oas\3.0.0\springfox-oas-3.0.0.jar;C:\Users\annev\.m2\repository\io\swagger\core\v3\swagger-annotations\2.1.2\swagger-annotations-2.1.2.jar;C:\Users\annev\.m2\repository\io\swagger\core\v3\swagger-models\2.1.2\swagger-models-2.1.2.jar;C:\Users\annev\.m2\repository\com\fasterxml\jackson\core\jackson-annotations\2.11.3\jackson-annotations-2.11.3.jar;C:\Users\annev\.m2\repository\io\springfox\springfox-spi\3.0.0\springfox-spi-3.0.0.jar;C:\Users\annev\.m2\repository\io\springfox\springfox-schema\3.0.0\springfox-schema-3.0.0.jar;C:\Users\annev\.m2\repository\io\springfox\springfox-core\3.0.0\springfox-core-3.0.0.jar;C:\Users\annev\.m2\repository\io\springfox\springfox-spring-web\3.0.0\springfox-spring-web-3.0.0.jar;C:\Users\annev\.m2\repository\io\github\classgraph\classgraph\4.8.83\classgraph-4.8.
Launcher Type: SUN_STANDARD

Environment Variables:
JAVA_HOME=C:\Program Files\Java\jdk1.8.0_65
PATH=C:/Program Files/Java/jre1.8.0_65/bin/server;C:/Program Files/Java/jre1.8.0_65/bin;C:/Program Files/Java/jre1.8.0_65/lib/amd64;C:\app\annev\virtual\product\12.2.0\dbhome_1\bin;C:\ProgramData\Oracle\Java\javapath;C:\Program Files (x86)\Intel\iCLS Client\;C:\Program Files\Intel\iCLS Client\;C:\WINDOWS\system32;C:\WINDOWS;C:\WINDOWS\System32\Wbem;C:\WINDOWS\System32\WindowsPowerShell\v1.0\;C:\Program Files (x86)\Intel\Intel(R) Management Engine Components\DAL;C:\Program Files\Intel\Intel(R) Management Engine Components\DAL;C:\Program Files (x86)\Intel\Intel(R) Management Engine Components\IPT;C:\Program Files\Intel\Intel(R) Management Engine Components\IPT;C:\Program Files\Java\jdk1.8.0_65\bin;C:\WINDOWS\System32\OpenSSH\;E:\apache-maven-3.3.9\bin;C:\Program Files\Apache Software Foundation\Tomcat 9.0\bin;C:\Program Files\Git\cmd;C:\Program Files\Intel\WiFi\bin\;C:\Program Files\Common Files\Intel\WirelessCommon\;C:\Program Files\nodejs\;C:\ProgramData\chocolatey\bin;C:\Program Files\dotnet\;C:\Program Files\Microsoft SQL Server\130\Tools\Binn\;C:\Program Files\Microsoft SQL Server\Client SDK\ODBC\170\Tools\Binn\;C:\Users\annev\AppData\Local\Microsoft\WindowsApps;C:\Users\annev\AppData\Roaming\npm;C:\Users\annev\.dotnet\tools;E:\spring-tool-suite-3.9.1.RELEASE-e4.7.1a-win32-x86_64\sts-bundle\sts-3.9.1.RELEASE;
USERNAME=annev
OS=Windows_NT
PROCESSOR_IDENTIFIER=Intel64 Family 6 Model 142 Stepping 10, GenuineIntel



---------------  S Y S T E M  ---------------

OS: Windows 10.0 , 64 bit Build 19041 (10.0.19041.662)

CPU:total 8 (4 cores per cpu, 2 threads per core) family 6 model 142 stepping 10, cmov, cx8, fxsr, mmx, sse, sse2, sse3, ssse3, sse4.1, sse4.2, popcnt, avx, avx2, aes, clmul, erms, 3dnowpref, lzcnt, ht, tsc, tscinvbit, bmi1, bmi2, adx

Memory: 4k page, physical 12466404k(3503340k free), swap 24340240k(9065164k free)

vm_info: Java HotSpot(TM) 64-Bit Server VM (25.65-b01) for windows-amd64 JRE (1.8.0_65-b17), built on Oct  6 2015 16:39:20 by "java_re" with MS VC++ 10.0 (VS2010)

time: Sun Dec 20 19:30:55 2020
elapsed time: 191 seconds (0d 0h 3m 11s)

